<?xml version="1.0" encoding="UTF-8"?>
<testng-results skipped="1" failed="1" total="9" passed="7">
  <reporter-output>
  </reporter-output>
  <suite name="Suite" duration-ms="9374" started-at="2019-04-08T03:53:46Z" finished-at="2019-04-08T03:53:55Z">
    <groups>
    </groups>
    <test name="Test" duration-ms="9374" started-at="2019-04-08T03:53:46Z" finished-at="2019-04-08T03:53:55Z">
      <class name="test.facebook.PracticeTryCatch">
        <test-method status="PASS" signature="tryCatchTest()[pri:0, instance:test.facebook.PracticeTryCatch@2ef5e5e3]" name="tryCatchTest" duration-ms="17" started-at="2019-04-07T23:53:53Z" finished-at="2019-04-07T23:53:53Z">
          <reporter-output>
          </reporter-output>
        </test-method> <!-- tryCatchTest -->
      </class> <!-- test.facebook.PracticeTryCatch -->
      <class name="test.facebook.PrecticeAssert">
        <test-method status="FAIL" signature="tryCatchTest()[pri:0, instance:test.facebook.PrecticeAssert@36d4b5c]" name="tryCatchTest" duration-ms="1" started-at="2019-04-07T23:53:53Z" finished-at="2019-04-07T23:53:53Z">
          <exception class="java.lang.AssertionError">
            <message>
              <![CDATA[expected [google] but found [googleee]]]>
            </message>
            <full-stacktrace>
              <![CDATA[java.lang.AssertionError: expected [google] but found [googleee]
	at org.testng.Assert.fail(Assert.java:94)
	at org.testng.Assert.failNotEquals(Assert.java:513)
	at org.testng.Assert.assertEqualsImpl(Assert.java:135)
	at org.testng.Assert.assertEquals(Assert.java:116)
	at org.testng.Assert.assertEquals(Assert.java:190)
	at org.testng.Assert.assertEquals(Assert.java:200)
	at test.facebook.PrecticeAssert.tryCatchTest(PrecticeAssert.java:12)
	at sun.reflect.NativeMethodAccessorImpl.invoke0(Native Method)
	at sun.reflect.NativeMethodAccessorImpl.invoke(Unknown Source)
	at sun.reflect.DelegatingMethodAccessorImpl.invoke(Unknown Source)
	at java.lang.reflect.Method.invoke(Unknown Source)
	at org.testng.internal.MethodInvocationHelper.invokeMethod(MethodInvocationHelper.java:86)
	at org.testng.internal.Invoker.invokeMethod(Invoker.java:646)
	at org.testng.internal.Invoker.invokeTestMethod(Invoker.java:823)
	at org.testng.internal.Invoker.invokeTestMethods(Invoker.java:1131)
	at org.testng.internal.TestMethodWorker.invokeTestMethods(TestMethodWorker.java:129)
	at org.testng.internal.TestMethodWorker.run(TestMethodWorker.java:112)
	at org.testng.TestRunner.privateRun(TestRunner.java:778)
	at org.testng.TestRunner.run(TestRunner.java:632)
	at org.testng.SuiteRunner.runTest(SuiteRunner.java:366)
	at org.testng.SuiteRunner.runSequentially(SuiteRunner.java:361)
	at org.testng.SuiteRunner.privateRun(SuiteRunner.java:319)
	at org.testng.SuiteRunner.run(SuiteRunner.java:268)
	at org.testng.SuiteRunnerWorker.runSuite(SuiteRunnerWorker.java:52)
	at org.testng.SuiteRunnerWorker.run(SuiteRunnerWorker.java:86)
	at org.testng.TestNG.runSuitesSequentially(TestNG.java:1225)
	at org.testng.TestNG.runSuitesLocally(TestNG.java:1150)
	at org.testng.TestNG.runSuites(TestNG.java:1075)
	at org.testng.TestNG.run(TestNG.java:1047)
	at org.testng.remote.AbstractRemoteTestNG.run(AbstractRemoteTestNG.java:126)
	at org.testng.remote.RemoteTestNG.initAndRun(RemoteTestNG.java:137)
	at org.testng.remote.RemoteTestNG.main(RemoteTestNG.java:58)
]]>
            </full-stacktrace>
          </exception> <!-- java.lang.AssertionError -->
          <reporter-output>
          </reporter-output>
        </test-method> <!-- tryCatchTest -->
      </class> <!-- test.facebook.PrecticeAssert -->
      <class name="test.facebook.Priorityprec">
        <test-method status="PASS" signature="LogInTest()[pri:1, instance:test.facebook.Priorityprec@6d00a15d]" name="LogInTest" duration-ms="3" started-at="2019-04-07T23:53:55Z" finished-at="2019-04-07T23:53:55Z">
          <reporter-output>
          </reporter-output>
        </test-method> <!-- LogInTest -->
        <test-method status="PASS" signature="changepass()[pri:2, instance:test.facebook.Priorityprec@6d00a15d]" name="changepass" duration-ms="1" started-at="2019-04-07T23:53:55Z" finished-at="2019-04-07T23:53:55Z">
          <reporter-output>
          </reporter-output>
        </test-method> <!-- changepass -->
        <test-method status="PASS" signature="LogOutTest()[pri:3, instance:test.facebook.Priorityprec@6d00a15d]" name="LogOutTest" duration-ms="2" started-at="2019-04-07T23:53:55Z" finished-at="2019-04-07T23:53:55Z">
          <reporter-output>
          </reporter-output>
        </test-method> <!-- LogOutTest -->
        <test-method status="SKIP" signature="gointoskiptest()[pri:4, instance:test.facebook.Priorityprec@6d00a15d]" name="gointoskiptest" duration-ms="1" started-at="2019-04-07T23:53:55Z" finished-at="2019-04-07T23:53:55Z">
          <exception class="org.testng.SkipException">
            <message>
              <![CDATA[SF-1: Requirement change so skip it]]>
            </message>
            <full-stacktrace>
              <![CDATA[org.testng.SkipException: SF-1: Requirement change so skip it
	at test.facebook.Priorityprec.gointoskiptest(Priorityprec.java:26)
	at sun.reflect.NativeMethodAccessorImpl.invoke0(Native Method)
	at sun.reflect.NativeMethodAccessorImpl.invoke(Unknown Source)
	at sun.reflect.DelegatingMethodAccessorImpl.invoke(Unknown Source)
	at java.lang.reflect.Method.invoke(Unknown Source)
	at org.testng.internal.MethodInvocationHelper.invokeMethod(MethodInvocationHelper.java:86)
	at org.testng.internal.Invoker.invokeMethod(Invoker.java:646)
	at org.testng.internal.Invoker.invokeTestMethod(Invoker.java:823)
	at org.testng.internal.Invoker.invokeTestMethods(Invoker.java:1131)
	at org.testng.internal.TestMethodWorker.invokeTestMethods(TestMethodWorker.java:129)
	at org.testng.internal.TestMethodWorker.run(TestMethodWorker.java:112)
	at org.testng.TestRunner.privateRun(TestRunner.java:778)
	at org.testng.TestRunner.run(TestRunner.java:632)
	at org.testng.SuiteRunner.runTest(SuiteRunner.java:366)
	at org.testng.SuiteRunner.runSequentially(SuiteRunner.java:361)
	at org.testng.SuiteRunner.privateRun(SuiteRunner.java:319)
	at org.testng.SuiteRunner.run(SuiteRunner.java:268)
	at org.testng.SuiteRunnerWorker.runSuite(SuiteRunnerWorker.java:52)
	at org.testng.SuiteRunnerWorker.run(SuiteRunnerWorker.java:86)
	at org.testng.TestNG.runSuitesSequentially(TestNG.java:1225)
	at org.testng.TestNG.runSuitesLocally(TestNG.java:1150)
	at org.testng.TestNG.runSuites(TestNG.java:1075)
	at org.testng.TestNG.run(TestNG.java:1047)
	at org.testng.remote.AbstractRemoteTestNG.run(AbstractRemoteTestNG.java:126)
	at org.testng.remote.RemoteTestNG.initAndRun(RemoteTestNG.java:137)
	at org.testng.remote.RemoteTestNG.main(RemoteTestNG.java:58)
]]>
            </full-stacktrace>
          </exception> <!-- org.testng.SkipException -->
          <reporter-output>
          </reporter-output>
        </test-method> <!-- gointoskiptest -->
      </class> <!-- test.facebook.Priorityprec -->
      <class name="test.facebook.Annotationpre$AnnotationPrec">
        <test-method status="PASS" signature="b4suite()[pri:0, instance:test.facebook.Annotationpre$AnnotationPrec@100fc185]" name="b4suite" is-config="true" duration-ms="6" started-at="2019-04-07T23:53:46Z" finished-at="2019-04-07T23:53:46Z">
          <reporter-output>
          </reporter-output>
        </test-method> <!-- b4suite -->
        <test-method status="PASS" signature="beforeTest()[pri:0, instance:test.facebook.Annotationpre$AnnotationPrec@100fc185]" name="beforeTest" is-config="true" duration-ms="1" started-at="2019-04-07T23:53:46Z" finished-at="2019-04-07T23:53:46Z">
          <reporter-output>
          </reporter-output>
        </test-method> <!-- beforeTest -->
        <test-method status="PASS" signature="beforeTestStart()[pri:0, instance:test.facebook.FacebookEmailandPass@643b1d11]" name="beforeTestStart" is-config="true" duration-ms="6879" started-at="2019-04-07T23:53:46Z" finished-at="2019-04-07T23:53:53Z">
          <reporter-output>
          </reporter-output>
        </test-method> <!-- beforeTestStart -->
        <test-method status="PASS" signature="beforeMethod()[pri:0, instance:test.facebook.Annotationpre$AnnotationPrec@100fc185]" name="beforeMethod" is-config="true" duration-ms="0" started-at="2019-04-07T23:53:53Z" finished-at="2019-04-07T23:53:53Z">
          <reporter-output>
          </reporter-output>
        </test-method> <!-- beforeMethod -->
        <test-method status="PASS" signature="my2Test()[pri:0, instance:test.facebook.Annotationpre$AnnotationPrec@100fc185]" name="my2Test" duration-ms="4" started-at="2019-04-07T23:53:53Z" finished-at="2019-04-07T23:53:53Z">
          <reporter-output>
          </reporter-output>
        </test-method> <!-- my2Test -->
        <test-method status="PASS" signature="afterMethod()[pri:0, instance:test.facebook.Annotationpre$AnnotationPrec@100fc185]" name="afterMethod" is-config="true" duration-ms="1" started-at="2019-04-07T23:53:53Z" finished-at="2019-04-07T23:53:53Z">
          <reporter-output>
          </reporter-output>
        </test-method> <!-- afterMethod -->
        <test-method status="PASS" signature="myTest()[pri:0, instance:test.facebook.Annotationpre$AnnotationPrec@100fc185]" name="myTest" duration-ms="0" started-at="2019-04-07T23:53:53Z" finished-at="2019-04-07T23:53:53Z">
          <reporter-output>
          </reporter-output>
        </test-method> <!-- myTest -->
        <test-method status="PASS" signature="beforeMethod()[pri:0, instance:test.facebook.Annotationpre$AnnotationPrec@100fc185]" name="beforeMethod" is-config="true" duration-ms="0" started-at="2019-04-07T23:53:53Z" finished-at="2019-04-07T23:53:53Z">
          <reporter-output>
          </reporter-output>
        </test-method> <!-- beforeMethod -->
        <test-method status="PASS" signature="afterMethod()[pri:0, instance:test.facebook.Annotationpre$AnnotationPrec@100fc185]" name="afterMethod" is-config="true" duration-ms="0" started-at="2019-04-07T23:53:53Z" finished-at="2019-04-07T23:53:53Z">
          <reporter-output>
          </reporter-output>
        </test-method> <!-- afterMethod -->
        <test-method status="PASS" signature="afterTest()[pri:0, instance:test.facebook.Annotationpre$AnnotationPrec@100fc185]" name="afterTest" is-config="true" duration-ms="0" started-at="2019-04-07T23:53:55Z" finished-at="2019-04-07T23:53:55Z">
          <reporter-output>
          </reporter-output>
        </test-method> <!-- afterTest -->
        <test-method status="PASS" signature="afterSuite()[pri:0, instance:test.facebook.Annotationpre$AnnotationPrec@100fc185]" name="afterSuite" is-config="true" duration-ms="0" started-at="2019-04-07T23:53:56Z" finished-at="2019-04-07T23:53:56Z">
          <reporter-output>
          </reporter-output>
        </test-method> <!-- afterSuite -->
      </class> <!-- test.facebook.Annotationpre$AnnotationPrec -->
      <class name="test.facebook.FacebookEmailandPass">
        <test-method status="PASS" signature="testFacebookEmailPass1()[pri:0, instance:test.facebook.FacebookEmailandPass@643b1d11]" name="testFacebookEmailPass1" duration-ms="298" started-at="2019-04-07T23:53:53Z" finished-at="2019-04-07T23:53:53Z">
          <reporter-output>
          </reporter-output>
        </test-method> <!-- testFacebookEmailPass1 -->
        <test-method status="PASS" signature="aftereachtest()[pri:0, instance:test.facebook.FacebookEmailandPass@643b1d11]" name="aftereachtest" is-config="true" duration-ms="2107" started-at="2019-04-07T23:53:53Z" finished-at="2019-04-07T23:53:55Z">
          <reporter-output>
          </reporter-output>
        </test-method> <!-- aftereachtest -->
      </class> <!-- test.facebook.FacebookEmailandPass -->
    </test> <!-- Test -->
  </suite> <!-- Suite -->
</testng-results>
